This file contains any messages produced by compilers while
running configure, to aid debugging if configure makes a mistake.

It was created by Patrol_algorithm configure 1.0, which was
generated by GNU Autoconf 2.69.  Invocation command line was

  $ ./configure 

## --------- ##
## Platform. ##
## --------- ##

hostname = VM_0_9_centos
uname -m = x86_64
uname -r = 3.10.0-862.el7.x86_64
uname -s = Linux
uname -v = #1 SMP Fri Apr 20 16:44:24 UTC 2018

/usr/bin/uname -p = x86_64
/bin/uname -X     = unknown

/bin/arch              = x86_64
/usr/bin/arch -k       = unknown
/usr/convex/getsysinfo = unknown
/usr/bin/hostinfo      = unknown
/bin/machine           = unknown
/usr/bin/oslevel       = unknown
/bin/universe          = unknown

PATH: /usr/local/sbin
PATH: /usr/local/bin
PATH: /usr/sbin
PATH: /usr/bin
PATH: /root/tools/go/bin
PATH: /root/bin
PATH: /root/tools/ACE_wrappers/bin


## ----------- ##
## Core tests. ##
## ----------- ##

configure:2295: checking for a BSD-compatible install
configure:2363: result: /usr/bin/install -c
configure:2374: checking whether build environment is sane
configure:2429: result: yes
configure:2580: checking for a thread-safe mkdir -p
configure:2619: result: /usr/bin/mkdir -p
configure:2626: checking for gawk
configure:2642: found /usr/bin/gawk
configure:2653: result: gawk
configure:2664: checking whether make sets $(MAKE)
configure:2686: result: yes
configure:2715: checking whether make supports nested variables
configure:2732: result: yes
configure:2882: checking for g++
configure:2898: found /usr/bin/g++
configure:2909: result: g++
configure:2936: checking for C++ compiler version
configure:2945: g++ --version >&5
g++ (GCC) 4.8.5 20150623 (Red Hat 4.8.5-39)
Copyright (C) 2015 Free Software Foundation, Inc.
This is free software; see the source for copying conditions.  There is NO
warranty; not even for MERCHANTABILITY or FITNESS FOR A PARTICULAR PURPOSE.

configure:2956: $? = 0
configure:2945: g++ -v >&5
Using built-in specs.
COLLECT_GCC=g++
COLLECT_LTO_WRAPPER=/usr/libexec/gcc/x86_64-redhat-linux/4.8.5/lto-wrapper
Target: x86_64-redhat-linux
Configured with: ../configure --prefix=/usr --mandir=/usr/share/man --infodir=/usr/share/info --with-bugurl=http://bugzilla.redhat.com/bugzilla --enable-bootstrap --enable-shared --enable-threads=posix --enable-checking=release --with-system-zlib --enable-__cxa_atexit --disable-libunwind-exceptions --enable-gnu-unique-object --enable-linker-build-id --with-linker-hash-style=gnu --enable-languages=c,c++,objc,obj-c++,java,fortran,ada,go,lto --enable-plugin --enable-initfini-array --disable-libgcj --with-isl=/builddir/build/BUILD/gcc-4.8.5-20150702/obj-x86_64-redhat-linux/isl-install --with-cloog=/builddir/build/BUILD/gcc-4.8.5-20150702/obj-x86_64-redhat-linux/cloog-install --enable-gnu-indirect-function --with-tune=generic --with-arch_32=x86-64 --build=x86_64-redhat-linux
Thread model: posix
gcc version 4.8.5 20150623 (Red Hat 4.8.5-39) (GCC) 
configure:2956: $? = 0
configure:2945: g++ -V >&5
g++: error: unrecognized command line option '-V'
g++: fatal error: no input files
compilation terminated.
configure:2956: $? = 4
configure:2945: g++ -qversion >&5
g++: error: unrecognized command line option '-qversion'
g++: fatal error: no input files
compilation terminated.
configure:2956: $? = 4
configure:2976: checking whether the C++ compiler works
configure:2998: g++    conftest.cpp  >&5
configure:3002: $? = 0
configure:3050: result: yes
configure:3053: checking for C++ compiler default output file name
configure:3055: result: a.out
configure:3061: checking for suffix of executables
configure:3068: g++ -o conftest    conftest.cpp  >&5
configure:3072: $? = 0
configure:3094: result: 
configure:3116: checking whether we are cross compiling
configure:3124: g++ -o conftest    conftest.cpp  >&5
configure:3128: $? = 0
configure:3135: ./conftest
configure:3139: $? = 0
configure:3154: result: no
configure:3159: checking for suffix of object files
configure:3181: g++ -c   conftest.cpp >&5
configure:3185: $? = 0
configure:3206: result: o
configure:3210: checking whether we are using the GNU C++ compiler
configure:3229: g++ -c   conftest.cpp >&5
configure:3229: $? = 0
configure:3238: result: yes
configure:3247: checking whether g++ accepts -g
configure:3267: g++ -c -g  conftest.cpp >&5
configure:3267: $? = 0
configure:3308: result: yes
configure:3342: checking for style of include used by make
configure:3370: result: GNU
configure:3396: checking dependency style of g++
configure:3507: result: gcc3
configure:3570: checking for gcc
configure:3586: found /usr/bin/gcc
configure:3597: result: gcc
configure:3826: checking for C compiler version
configure:3835: gcc --version >&5
gcc (GCC) 4.8.5 20150623 (Red Hat 4.8.5-39)
Copyright (C) 2015 Free Software Foundation, Inc.
This is free software; see the source for copying conditions.  There is NO
warranty; not even for MERCHANTABILITY or FITNESS FOR A PARTICULAR PURPOSE.

configure:3846: $? = 0
configure:3835: gcc -v >&5
Using built-in specs.
COLLECT_GCC=gcc
COLLECT_LTO_WRAPPER=/usr/libexec/gcc/x86_64-redhat-linux/4.8.5/lto-wrapper
Target: x86_64-redhat-linux
Configured with: ../configure --prefix=/usr --mandir=/usr/share/man --infodir=/usr/share/info --with-bugurl=http://bugzilla.redhat.com/bugzilla --enable-bootstrap --enable-shared --enable-threads=posix --enable-checking=release --with-system-zlib --enable-__cxa_atexit --disable-libunwind-exceptions --enable-gnu-unique-object --enable-linker-build-id --with-linker-hash-style=gnu --enable-languages=c,c++,objc,obj-c++,java,fortran,ada,go,lto --enable-plugin --enable-initfini-array --disable-libgcj --with-isl=/builddir/build/BUILD/gcc-4.8.5-20150702/obj-x86_64-redhat-linux/isl-install --with-cloog=/builddir/build/BUILD/gcc-4.8.5-20150702/obj-x86_64-redhat-linux/cloog-install --enable-gnu-indirect-function --with-tune=generic --with-arch_32=x86-64 --build=x86_64-redhat-linux
Thread model: posix
gcc version 4.8.5 20150623 (Red Hat 4.8.5-39) (GCC) 
configure:3846: $? = 0
configure:3835: gcc -V >&5
gcc: error: unrecognized command line option '-V'
gcc: fatal error: no input files
compilation terminated.
configure:3846: $? = 4
configure:3835: gcc -qversion >&5
gcc: error: unrecognized command line option '-qversion'
gcc: fatal error: no input files
compilation terminated.
configure:3846: $? = 4
configure:3850: checking whether we are using the GNU C compiler
configure:3869: gcc -c   conftest.c >&5
configure:3869: $? = 0
configure:3878: result: yes
configure:3887: checking whether gcc accepts -g
configure:3907: gcc -c -g  conftest.c >&5
configure:3907: $? = 0
configure:3948: result: yes
configure:3965: checking for gcc option to accept ISO C89
configure:4028: gcc  -c -g -O2  conftest.c >&5
configure:4028: $? = 0
configure:4041: result: none needed
configure:4063: checking dependency style of gcc
configure:4174: result: gcc3
configure:4199: checking how to run the C preprocessor
configure:4230: gcc -E  conftest.c
configure:4230: $? = 0
configure:4244: gcc -E  conftest.c
conftest.c:11:28: fatal error: ac_nonexistent.h: No such file or directory
 #include <ac_nonexistent.h>
                            ^
compilation terminated.
configure:4244: $? = 1
configure: failed program was:
| /* confdefs.h */
| #define PACKAGE_NAME "Patrol_algorithm"
| #define PACKAGE_TARNAME "patrol_algorithm"
| #define PACKAGE_VERSION "1.0"
| #define PACKAGE_STRING "Patrol_algorithm 1.0"
| #define PACKAGE_BUGREPORT "https://github.com/freeeyes/Patrol_algorithm"
| #define PACKAGE_URL ""
| #define PACKAGE "patrol_algorithm"
| #define VERSION "1.0"
| /* end confdefs.h.  */
| #include <ac_nonexistent.h>
configure:4269: result: gcc -E
configure:4289: gcc -E  conftest.c
configure:4289: $? = 0
configure:4303: gcc -E  conftest.c
conftest.c:11:28: fatal error: ac_nonexistent.h: No such file or directory
 #include <ac_nonexistent.h>
                            ^
compilation terminated.
configure:4303: $? = 1
configure: failed program was:
| /* confdefs.h */
| #define PACKAGE_NAME "Patrol_algorithm"
| #define PACKAGE_TARNAME "patrol_algorithm"
| #define PACKAGE_VERSION "1.0"
| #define PACKAGE_STRING "Patrol_algorithm 1.0"
| #define PACKAGE_BUGREPORT "https://github.com/freeeyes/Patrol_algorithm"
| #define PACKAGE_URL ""
| #define PACKAGE "patrol_algorithm"
| #define VERSION "1.0"
| /* end confdefs.h.  */
| #include <ac_nonexistent.h>
configure:4332: checking for grep that handles long lines and -e
configure:4390: result: /usr/bin/grep
configure:4395: checking for egrep
configure:4457: result: /usr/bin/grep -E
configure:4462: checking for ANSI C header files
configure:4482: gcc -c -g -O2  conftest.c >&5
configure:4482: $? = 0
configure:4555: gcc -o conftest -g -O2   conftest.c  >&5
configure:4555: $? = 0
configure:4555: ./conftest
configure:4555: $? = 0
configure:4566: result: yes
configure:4579: checking for sys/types.h
configure:4579: gcc -c -g -O2  conftest.c >&5
configure:4579: $? = 0
configure:4579: result: yes
configure:4579: checking for sys/stat.h
configure:4579: gcc -c -g -O2  conftest.c >&5
configure:4579: $? = 0
configure:4579: result: yes
configure:4579: checking for stdlib.h
configure:4579: gcc -c -g -O2  conftest.c >&5
configure:4579: $? = 0
configure:4579: result: yes
configure:4579: checking for string.h
configure:4579: gcc -c -g -O2  conftest.c >&5
configure:4579: $? = 0
configure:4579: result: yes
configure:4579: checking for memory.h
configure:4579: gcc -c -g -O2  conftest.c >&5
configure:4579: $? = 0
configure:4579: result: yes
configure:4579: checking for strings.h
configure:4579: gcc -c -g -O2  conftest.c >&5
configure:4579: $? = 0
configure:4579: result: yes
configure:4579: checking for inttypes.h
configure:4579: gcc -c -g -O2  conftest.c >&5
configure:4579: $? = 0
configure:4579: result: yes
configure:4579: checking for stdint.h
configure:4579: gcc -c -g -O2  conftest.c >&5
configure:4579: $? = 0
configure:4579: result: yes
configure:4579: checking for unistd.h
configure:4579: gcc -c -g -O2  conftest.c >&5
configure:4579: $? = 0
configure:4579: result: yes
configure:4593: checking for stdlib.h
configure:4593: result: yes
configure:4605: checking for stdbool.h that conforms to C99
configure:4672: gcc -c -g -O2  conftest.c >&5
configure:4672: $? = 0
configure:4679: result: yes
configure:4681: checking for _Bool
configure:4681: gcc -c -g -O2  conftest.c >&5
configure:4681: $? = 0
configure:4681: gcc -c -g -O2  conftest.c >&5
conftest.c: In function 'main':
conftest.c:58:20: error: expected expression before ')' token
 if (sizeof ((_Bool)))
                    ^
configure:4681: $? = 1
configure: failed program was:
| /* confdefs.h */
| #define PACKAGE_NAME "Patrol_algorithm"
| #define PACKAGE_TARNAME "patrol_algorithm"
| #define PACKAGE_VERSION "1.0"
| #define PACKAGE_STRING "Patrol_algorithm 1.0"
| #define PACKAGE_BUGREPORT "https://github.com/freeeyes/Patrol_algorithm"
| #define PACKAGE_URL ""
| #define PACKAGE "patrol_algorithm"
| #define VERSION "1.0"
| #define STDC_HEADERS 1
| #define HAVE_SYS_TYPES_H 1
| #define HAVE_SYS_STAT_H 1
| #define HAVE_STDLIB_H 1
| #define HAVE_STRING_H 1
| #define HAVE_MEMORY_H 1
| #define HAVE_STRINGS_H 1
| #define HAVE_INTTYPES_H 1
| #define HAVE_STDINT_H 1
| #define HAVE_UNISTD_H 1
| #define HAVE_STDLIB_H 1
| /* end confdefs.h.  */
| #include <stdio.h>
| #ifdef HAVE_SYS_TYPES_H
| # include <sys/types.h>
| #endif
| #ifdef HAVE_SYS_STAT_H
| # include <sys/stat.h>
| #endif
| #ifdef STDC_HEADERS
| # include <stdlib.h>
| # include <stddef.h>
| #else
| # ifdef HAVE_STDLIB_H
| #  include <stdlib.h>
| # endif
| #endif
| #ifdef HAVE_STRING_H
| # if !defined STDC_HEADERS && defined HAVE_MEMORY_H
| #  include <memory.h>
| # endif
| # include <string.h>
| #endif
| #ifdef HAVE_STRINGS_H
| # include <strings.h>
| #endif
| #ifdef HAVE_INTTYPES_H
| # include <inttypes.h>
| #endif
| #ifdef HAVE_STDINT_H
| # include <stdint.h>
| #endif
| #ifdef HAVE_UNISTD_H
| # include <unistd.h>
| #endif
| int
| main ()
| {
| if (sizeof ((_Bool)))
| 	    return 0;
|   ;
|   return 0;
| }
configure:4681: result: yes
configure:4697: checking for pow
configure:4697: gcc -o conftest -g -O2   conftest.c  >&5
conftest.c:46:6: warning: conflicting types for built-in function 'pow' [enabled by default]
 char pow ();
      ^
/tmp/ccfXglxo.o: In function `main':
/root/shiqiang/Patrol_algorithm/Patrol_algorithm/conftest.c:57: undefined reference to `pow'
collect2: error: ld returned 1 exit status
configure:4697: $? = 1
configure: failed program was:
| /* confdefs.h */
| #define PACKAGE_NAME "Patrol_algorithm"
| #define PACKAGE_TARNAME "patrol_algorithm"
| #define PACKAGE_VERSION "1.0"
| #define PACKAGE_STRING "Patrol_algorithm 1.0"
| #define PACKAGE_BUGREPORT "https://github.com/freeeyes/Patrol_algorithm"
| #define PACKAGE_URL ""
| #define PACKAGE "patrol_algorithm"
| #define VERSION "1.0"
| #define STDC_HEADERS 1
| #define HAVE_SYS_TYPES_H 1
| #define HAVE_SYS_STAT_H 1
| #define HAVE_STDLIB_H 1
| #define HAVE_STRING_H 1
| #define HAVE_MEMORY_H 1
| #define HAVE_STRINGS_H 1
| #define HAVE_INTTYPES_H 1
| #define HAVE_STDINT_H 1
| #define HAVE_UNISTD_H 1
| #define HAVE_STDLIB_H 1
| #define HAVE__BOOL 1
| /* end confdefs.h.  */
| /* Define pow to an innocuous variant, in case <limits.h> declares pow.
|    For example, HP-UX 11i <limits.h> declares gettimeofday.  */
| #define pow innocuous_pow
| 
| /* System header to define __stub macros and hopefully few prototypes,
|     which can conflict with char pow (); below.
|     Prefer <limits.h> to <assert.h> if __STDC__ is defined, since
|     <limits.h> exists even on freestanding compilers.  */
| 
| #ifdef __STDC__
| # include <limits.h>
| #else
| # include <assert.h>
| #endif
| 
| #undef pow
| 
| /* Override any GCC internal prototype to avoid an error.
|    Use char because int might match the return type of a GCC
|    builtin and then its argument prototype would still apply.  */
| #ifdef __cplusplus
| extern "C"
| #endif
| char pow ();
| /* The GNU C library defines this for functions which it implements
|     to always fail with ENOSYS.  Some functions are actually named
|     something starting with __ and the normal name is an alias.  */
| #if defined __stub_pow || defined __stub___pow
| choke me
| #endif
| 
| int
| main ()
| {
| return pow ();
|   ;
|   return 0;
| }
configure:4697: result: no
configure:4697: checking for sqrt
configure:4697: gcc -o conftest -g -O2   conftest.c  >&5
conftest.c:46:6: warning: conflicting types for built-in function 'sqrt' [enabled by default]
 char sqrt ();
      ^
/tmp/cccN037s.o: In function `main':
/root/shiqiang/Patrol_algorithm/Patrol_algorithm/conftest.c:57: undefined reference to `sqrt'
collect2: error: ld returned 1 exit status
configure:4697: $? = 1
configure: failed program was:
| /* confdefs.h */
| #define PACKAGE_NAME "Patrol_algorithm"
| #define PACKAGE_TARNAME "patrol_algorithm"
| #define PACKAGE_VERSION "1.0"
| #define PACKAGE_STRING "Patrol_algorithm 1.0"
| #define PACKAGE_BUGREPORT "https://github.com/freeeyes/Patrol_algorithm"
| #define PACKAGE_URL ""
| #define PACKAGE "patrol_algorithm"
| #define VERSION "1.0"
| #define STDC_HEADERS 1
| #define HAVE_SYS_TYPES_H 1
| #define HAVE_SYS_STAT_H 1
| #define HAVE_STDLIB_H 1
| #define HAVE_STRING_H 1
| #define HAVE_MEMORY_H 1
| #define HAVE_STRINGS_H 1
| #define HAVE_INTTYPES_H 1
| #define HAVE_STDINT_H 1
| #define HAVE_UNISTD_H 1
| #define HAVE_STDLIB_H 1
| #define HAVE__BOOL 1
| /* end confdefs.h.  */
| /* Define sqrt to an innocuous variant, in case <limits.h> declares sqrt.
|    For example, HP-UX 11i <limits.h> declares gettimeofday.  */
| #define sqrt innocuous_sqrt
| 
| /* System header to define __stub macros and hopefully few prototypes,
|     which can conflict with char sqrt (); below.
|     Prefer <limits.h> to <assert.h> if __STDC__ is defined, since
|     <limits.h> exists even on freestanding compilers.  */
| 
| #ifdef __STDC__
| # include <limits.h>
| #else
| # include <assert.h>
| #endif
| 
| #undef sqrt
| 
| /* Override any GCC internal prototype to avoid an error.
|    Use char because int might match the return type of a GCC
|    builtin and then its argument prototype would still apply.  */
| #ifdef __cplusplus
| extern "C"
| #endif
| char sqrt ();
| /* The GNU C library defines this for functions which it implements
|     to always fail with ENOSYS.  Some functions are actually named
|     something starting with __ and the normal name is an alias.  */
| #if defined __stub_sqrt || defined __stub___sqrt
| choke me
| #endif
| 
| int
| main ()
| {
| return sqrt ();
|   ;
|   return 0;
| }
configure:4697: result: no
configure:4817: checking that generated files are newer than configure
configure:4823: result: done
configure:4850: creating ./config.status

## ---------------------- ##
## Running config.status. ##
## ---------------------- ##

This file was extended by Patrol_algorithm config.status 1.0, which was
generated by GNU Autoconf 2.69.  Invocation command line was

  CONFIG_FILES    = 
  CONFIG_HEADERS  = 
  CONFIG_LINKS    = 
  CONFIG_COMMANDS = 
  $ ./config.status 

on VM_0_9_centos

config.status:860: creating Makefile
config.status:860: creating config.h
config.status:1041: config.h is unchanged
config.status:1089: executing depfiles commands

## ---------------- ##
## Cache variables. ##
## ---------------- ##

ac_cv_c_compiler_gnu=yes
ac_cv_cxx_compiler_gnu=yes
ac_cv_env_CCC_set=
ac_cv_env_CCC_value=
ac_cv_env_CC_set=
ac_cv_env_CC_value=
ac_cv_env_CFLAGS_set=
ac_cv_env_CFLAGS_value=
ac_cv_env_CPPFLAGS_set=
ac_cv_env_CPPFLAGS_value=
ac_cv_env_CPP_set=
ac_cv_env_CPP_value=
ac_cv_env_CXXFLAGS_set=
ac_cv_env_CXXFLAGS_value=
ac_cv_env_CXX_set=
ac_cv_env_CXX_value=
ac_cv_env_LDFLAGS_set=
ac_cv_env_LDFLAGS_value=
ac_cv_env_LIBS_set=
ac_cv_env_LIBS_value=
ac_cv_env_build_alias_set=
ac_cv_env_build_alias_value=
ac_cv_env_host_alias_set=
ac_cv_env_host_alias_value=
ac_cv_env_target_alias_set=
ac_cv_env_target_alias_value=
ac_cv_func_pow=no
ac_cv_func_sqrt=no
ac_cv_header_inttypes_h=yes
ac_cv_header_memory_h=yes
ac_cv_header_stdbool_h=yes
ac_cv_header_stdc=yes
ac_cv_header_stdint_h=yes
ac_cv_header_stdlib_h=yes
ac_cv_header_string_h=yes
ac_cv_header_strings_h=yes
ac_cv_header_sys_stat_h=yes
ac_cv_header_sys_types_h=yes
ac_cv_header_unistd_h=yes
ac_cv_objext=o
ac_cv_path_EGREP='/usr/bin/grep -E'
ac_cv_path_GREP=/usr/bin/grep
ac_cv_path_install='/usr/bin/install -c'
ac_cv_path_mkdir=/usr/bin/mkdir
ac_cv_prog_AWK=gawk
ac_cv_prog_CPP='gcc -E'
ac_cv_prog_ac_ct_CC=gcc
ac_cv_prog_ac_ct_CXX=g++
ac_cv_prog_cc_c89=
ac_cv_prog_cc_g=yes
ac_cv_prog_cxx_g=yes
ac_cv_prog_make_make_set=yes
ac_cv_type__Bool=yes
am_cv_CC_dependencies_compiler_type=gcc3
am_cv_CXX_dependencies_compiler_type=gcc3
am_cv_make_support_nested_variables=yes

## ----------------- ##
## Output variables. ##
## ----------------- ##

ACLOCAL='${SHELL} /root/shiqiang/Patrol_algorithm/Patrol_algorithm/missing aclocal-1.13'
AMDEPBACKSLASH='\'
AMDEP_FALSE='#'
AMDEP_TRUE=''
AMTAR='$${TAR-tar}'
AM_BACKSLASH='\'
AM_DEFAULT_V='$(AM_DEFAULT_VERBOSITY)'
AM_DEFAULT_VERBOSITY='1'
AM_V='$(V)'
AUTOCONF='${SHELL} /root/shiqiang/Patrol_algorithm/Patrol_algorithm/missing autoconf'
AUTOHEADER='${SHELL} /root/shiqiang/Patrol_algorithm/Patrol_algorithm/missing autoheader'
AUTOMAKE='${SHELL} /root/shiqiang/Patrol_algorithm/Patrol_algorithm/missing automake-1.13'
AWK='gawk'
CC='gcc'
CCDEPMODE='depmode=gcc3'
CFLAGS='-g -O2'
CPP='gcc -E'
CPPFLAGS=''
CXX='g++'
CXXDEPMODE='depmode=gcc3'
CXXFLAGS='-g -O2'
CYGPATH_W='echo'
DEFS='-DHAVE_CONFIG_H'
DEPDIR='.deps'
ECHO_C=''
ECHO_N='-n'
ECHO_T=''
EGREP='/usr/bin/grep -E'
EXEEXT=''
GREP='/usr/bin/grep'
INSTALL_DATA='${INSTALL} -m 644'
INSTALL_PROGRAM='${INSTALL}'
INSTALL_SCRIPT='${INSTALL}'
INSTALL_STRIP_PROGRAM='$(install_sh) -c -s'
LDFLAGS=''
LIBOBJS=''
LIBS=''
LTLIBOBJS=''
MAKEINFO='${SHELL} /root/shiqiang/Patrol_algorithm/Patrol_algorithm/missing makeinfo'
MKDIR_P='/usr/bin/mkdir -p'
OBJEXT='o'
PACKAGE='patrol_algorithm'
PACKAGE_BUGREPORT='https://github.com/freeeyes/Patrol_algorithm'
PACKAGE_NAME='Patrol_algorithm'
PACKAGE_STRING='Patrol_algorithm 1.0'
PACKAGE_TARNAME='patrol_algorithm'
PACKAGE_URL=''
PACKAGE_VERSION='1.0'
PATH_SEPARATOR=':'
SET_MAKE=''
SHELL='/bin/sh'
STRIP=''
VERSION='1.0'
ac_ct_CC='gcc'
ac_ct_CXX='g++'
am__EXEEXT_FALSE=''
am__EXEEXT_TRUE='#'
am__fastdepCC_FALSE='#'
am__fastdepCC_TRUE=''
am__fastdepCXX_FALSE='#'
am__fastdepCXX_TRUE=''
am__include='include'
am__isrc=''
am__leading_dot='.'
am__nodep='_no'
am__quote=''
am__tar='$${TAR-tar} chof - "$$tardir"'
am__untar='$${TAR-tar} xf -'
bindir='${exec_prefix}/bin'
build_alias=''
datadir='${datarootdir}'
datarootdir='${prefix}/share'
docdir='${datarootdir}/doc/${PACKAGE_TARNAME}'
dvidir='${docdir}'
exec_prefix='${prefix}'
host_alias=''
htmldir='${docdir}'
includedir='${prefix}/include'
infodir='${datarootdir}/info'
install_sh='${SHELL} /root/shiqiang/Patrol_algorithm/Patrol_algorithm/install-sh'
libdir='${exec_prefix}/lib'
libexecdir='${exec_prefix}/libexec'
localedir='${datarootdir}/locale'
localstatedir='${prefix}/var'
mandir='${datarootdir}/man'
mkdir_p='$(MKDIR_P)'
oldincludedir='/usr/include'
pdfdir='${docdir}'
prefix='/usr/local'
program_transform_name='s,x,x,'
psdir='${docdir}'
sbindir='${exec_prefix}/sbin'
sharedstatedir='${prefix}/com'
sysconfdir='${prefix}/etc'
target_alias=''

## ----------- ##
## confdefs.h. ##
## ----------- ##

/* confdefs.h */
#define PACKAGE_NAME "Patrol_algorithm"
#define PACKAGE_TARNAME "patrol_algorithm"
#define PACKAGE_VERSION "1.0"
#define PACKAGE_STRING "Patrol_algorithm 1.0"
#define PACKAGE_BUGREPORT "https://github.com/freeeyes/Patrol_algorithm"
#define PACKAGE_URL ""
#define PACKAGE "patrol_algorithm"
#define VERSION "1.0"
#define STDC_HEADERS 1
#define HAVE_SYS_TYPES_H 1
#define HAVE_SYS_STAT_H 1
#define HAVE_STDLIB_H 1
#define HAVE_STRING_H 1
#define HAVE_MEMORY_H 1
#define HAVE_STRINGS_H 1
#define HAVE_INTTYPES_H 1
#define HAVE_STDINT_H 1
#define HAVE_UNISTD_H 1
#define HAVE_STDLIB_H 1
#define HAVE__BOOL 1

configure: exit 0
